<?xml version="1.0" encoding="UTF-8"?>
<testsuite name="PatronTest" tests="2" skipped="0" failures="0" errors="0" timestamp="2016-09-26T23:38:07" hostname="epicodus-12.local" time="0.009">
  <properties/>
  <testcase name="patron_instantiatesPatronObject_true" classname="PatronTest" time="0.004"/>
  <testcase name="equals_returnsTrueIfPropertiesAreTheSame_true" classname="PatronTest" time="0.004"/>
  <system-out><![CDATA[]]></system-out>
  <system-err><![CDATA[]]></system-err>
</testsuite>
