<?xml version="1.0" encoding="UTF-8"?>
<testsuite name="BookTest" tests="7" skipped="0" failures="0" errors="0" timestamp="2016-09-26T23:21:37" hostname="epicodus-12.local" time="0.225">
  <properties/>
  <testcase name="find_returnsBookWithSameID_secondBook" classname="BookTest" time="0.137"/>
  <testcase name="book_instantiatesBookObject_true" classname="BookTest" time="0.005"/>
  <testcase name="delete_removesEntryFromTable_null" classname="BookTest" time="0.02"/>
  <testcase name="update_updatesAnyParameterInDatabaseForBook_string" classname="BookTest" time="0.021"/>
  <testcase name="all_returnsAllBookObjectsFromDatabase_true" classname="BookTest" time="0.023"/>
  <testcase name="equals_returnsTrueIfPropertiesAreTheSame_true" classname="BookTest" time="0.005"/>
  <testcase name="save_assignsIdToBook" classname="BookTest" time="0.014"/>
  <system-out><![CDATA[]]></system-out>
  <system-err><![CDATA[]]></system-err>
</testsuite>
