<?xml version="1.0" encoding="UTF-8"?>
<testsuite name="PatronTest" tests="1" skipped="0" failures="0" errors="0" timestamp="2016-09-26T23:21:37" hostname="epicodus-12.local" time="0.005">
  <properties/>
  <testcase name="patron_instantiatesPatronObject_true" classname="PatronTest" time="0.005"/>
  <system-out><![CDATA[]]></system-out>
  <system-err><![CDATA[]]></system-err>
</testsuite>
